<?xml version="1.0" encoding="UTF-8"?>
<!-- Generated by org.testng.reporters.JUnitXMLReporter -->
<testsuite ignored="0" hostname="ASV" failures="1" tests="1" name="New Validations Tests" time="0.073" errors="0" timestamp="2025-05-13T20:09:22 IST">
  <testcase classname="vishnuasautomation.tests.ErrorValidationTest" name="errorValidation" time="0.012">
    <failure type="java.lang.NullPointerException" message="Cannot invoke &amp;quot;vishnuasautomation.pageobjects.LandingPage.loginApplication(String, String)&amp;quot; because &amp;quot;this.landingpage&amp;quot; is null">
      <![CDATA[java.lang.NullPointerException: Cannot invoke "vishnuasautomation.pageobjects.LandingPage.loginApplication(String, String)" because "this.landingpage" is null
at vishnuasautomation.tests.ErrorValidationTest.errorValidation(ErrorValidationTest.java:21)
at java.base/java.util.concurrent.Executors$RunnableAdapter.call(Executors.java:572)
at java.base/java.util.concurrent.FutureTask.run(FutureTask.java:317)
at java.base/java.util.concurrent.ThreadPoolExecutor.runWorker(ThreadPoolExecutor.java:1144)
at java.base/java.util.concurrent.ThreadPoolExecutor$Worker.run(ThreadPoolExecutor.java:642)
at java.base/java.lang.Thread.run(Thread.java:1583)
... Removed 11 stack frames]]>
    </failure>
  </testcase> <!-- errorValidation -->
</testsuite> <!-- New Validations Tests -->
