<?xml version="1.0" encoding="UTF-8"?>
<!-- Generated by org.testng.reporters.JUnitXMLReporter -->
<testsuite ignored="2" hostname="ASV" failures="0" tests="0" time="0.001" errors="0" timestamp="2025-05-13T20:09:22 IST">
  <testcase classname="vishnuasautomation.tests.StandAloneTest" name="orderHistoryTest" time="0.0">
    <ignored/>
  </testcase> <!-- orderHistoryTest -->
  <testcase classname="vishnuasautomation.tests.StandAloneTest" name="standAlone" time="0.0">
    <ignored/>
  </testcase> <!-- standAlone -->
</testsuite>
