<?xml version="1.0" encoding="UTF-8"?>
<!-- Generated by org.testng.reporters.JUnitXMLReporter -->
<testsuite ignored="9" hostname="ASV" failures="0" tests="3" name="Test" time="31.882" errors="0" timestamp="2025-05-20T16:40:40 IST">
  <testcase classname="vishnuasautomation.tests.ErrorValidationTest" name="errorValidation" time="0.778"/>
  <testcase classname="vishnuasautomation.tests.ParameterizationusingjsonTest" name="standAloneNewTwo" time="6.807"/>
  <testcase classname="vishnuasautomation.tests.ParameterizationusingjsonTest" name="standAloneNewTwo" time="17.625"/>
  <testcase classname="vishnuasautomation.tests.ParameterizationTest" name="orderHistoryTest" time="0.0">
    <ignored/>
  </testcase> <!-- orderHistoryTest -->
  <testcase classname="vishnuasautomation.tests.StandAloneTest" name="standAlone" time="0.0">
    <ignored/>
  </testcase> <!-- standAlone -->
  <testcase classname="vishnuasautomation.tests.NewValidationsTest" name="errorValidationOne" time="0.0">
    <ignored/>
  </testcase> <!-- errorValidationOne -->
  <testcase classname="vishnuasautomation.tests.ParameterizationTest" name="standAloneNew" time="0.0">
    <ignored/>
  </testcase> <!-- standAloneNew -->
  <testcase classname="vishnuasautomation.tests.ParameterizationusinghashmapTest" name="orderHistoryTest" time="0.0">
    <ignored/>
  </testcase> <!-- orderHistoryTest -->
  <testcase classname="vishnuasautomation.tests.NewValidationsTest" name="validationTwo" time="0.0">
    <ignored/>
  </testcase> <!-- validationTwo -->
  <testcase classname="vishnuasautomation.tests.ParameterizationusingjsonTest" name="orderHistoryTest" time="0.0">
    <ignored/>
  </testcase> <!-- orderHistoryTest -->
  <testcase classname="vishnuasautomation.tests.StandAloneTest" name="orderHistoryTest" time="0.0">
    <ignored/>
  </testcase> <!-- orderHistoryTest -->
  <testcase classname="vishnuasautomation.tests.ParameterizationusinghashmapTest" name="standAloneNewOne" time="0.0">
    <ignored/>
  </testcase> <!-- standAloneNewOne -->
</testsuite> <!-- Test -->
