<?xml version="1.0" encoding="UTF-8"?>
<testng-results ignored="0" total="1" passed="1" failed="0" skipped="0">
  <reporter-output>
  </reporter-output>
  <suite started-at="2025-05-18T01:00:37 IST" name="Default suite" finished-at="2025-05-18T01:00:40 IST" duration-ms="3550">
    <groups>
      <group name="errorhandling">
        <method signature="ErrorValidationTest.errorValidation()[pri:0, instance:vishnuasautomation.tests.ErrorValidationTest@53fb3dab]" name="errorValidation" class="vishnuasautomation.tests.ErrorValidationTest"/>
      </group> <!-- errorhandling -->
    </groups>
    <test started-at="2025-05-18T01:00:37 IST" name="Default test" finished-at="2025-05-18T01:00:40 IST" duration-ms="3550">
      <class name="vishnuasautomation.tests.ErrorValidationTest">
        <test-method is-config="true" signature="launchApplication()[pri:0, instance:vishnuasautomation.tests.ErrorValidationTest@53fb3dab]" started-at="2025-05-18T01:00:37 IST" name="launchApplication" finished-at="2025-05-18T01:00:39 IST" duration-ms="2315" status="PASS">
          <reporter-output>
          </reporter-output>
        </test-method> <!-- launchApplication -->
        <test-method signature="errorValidation()[pri:0, instance:vishnuasautomation.tests.ErrorValidationTest@53fb3dab]" started-at="2025-05-18T01:00:39 IST" name="errorValidation" finished-at="2025-05-18T01:00:40 IST" duration-ms="1103" status="PASS">
          <reporter-output>
          </reporter-output>
        </test-method> <!-- errorValidation -->
        <test-method is-config="true" signature="tearDown()[pri:0, instance:vishnuasautomation.tests.ErrorValidationTest@53fb3dab]" started-at="2025-05-18T01:00:40 IST" name="tearDown" finished-at="2025-05-18T01:00:40 IST" duration-ms="87" status="PASS">
          <reporter-output>
          </reporter-output>
        </test-method> <!-- tearDown -->
      </class> <!-- vishnuasautomation.tests.ErrorValidationTest -->
    </test> <!-- Default test -->
  </suite> <!-- Default suite -->
</testng-results>
